app/build/outputs/logs/manifest-merger-debug-report.txt
-- Merging decision tree log ---
manifest
ADDED from src\main\AndroidManifest.xml:2:1-145:12
INJECTED from src\main\AndroidManifest.xml:2:1-145:12
INJECTED from src\main\AndroidManifest.xml:2:1-145:12
INJECTED from src\main\AndroidManifest.xml:2:1-145:12
INJECTED from src\main\AndroidManifest.xml:2:1-145:12
INJECTED from src\main\AndroidManifest.xml:2:1-145:12
INJECTED from src\main\AndroidManifest.xml:2:1-145:12
	package
		ADDED from src\main\AndroidManifest.xml:3:5-35
		INJECTED from src\main\AndroidManifest.xml
		INJECTED from src\main\AndroidManifest.xml
	android:versionName
		ADDED from src\main\AndroidManifest.xml:5:5-30
		INJECTED from src\main\AndroidManifest.xml
		INJECTED from src\main\AndroidManifest.xml
	xmlns:android
		ADDED from src\main\AndroidManifest.xml:2:11-69
	android:versionCode
		ADDED from src\main\AndroidManifest.xml:4:5-28
		INJECTED from src\main\AndroidManifest.xml
		INJECTED from src\main\AndroidManifest.xml
uses-sdk
ADDED from src\main\AndroidManifest.xml:7:5-9:41
INJECTED from src\main\AndroidManifest.xml:7:5-9:41
INJECTED from src\main\AndroidManifest.xml:7:5-9:41
INJECTED from src\main\AndroidManifest.xml:7:5-9:41
INJECTED from src\main\AndroidManifest.xml:7:5-9:41
	android:targetSdkVersion
		ADDED from src\main\AndroidManifest.xml:9:9-38
		INJECTED from src\main\AndroidManifest.xml
		INJECTED from src\main\AndroidManifest.xml
	android:minSdkVersion
		ADDED from src\main\AndroidManifest.xml:8:9-34
		INJECTED from src\main\AndroidManifest.xml
		INJECTED from src\main\AndroidManifest.xml
uses-permission#android.permission.RECEIVE_BOOT_COMPLETED
ADDED from src\main\AndroidManifest.xml:10:5-80
	android:name
		ADDED from src\main\AndroidManifest.xml:10:22-78
uses-permission#android.permission.VIBRATE
ADDED from src\main\AndroidManifest.xml:11:6-66
	android:name
		ADDED from src\main\AndroidManifest.xml:11:23-64
uses-permission#android.permission.RECORD_AUDIO
ADDED from src\main\AndroidManifest.xml:12:5-71
	android:name
		ADDED from src\main\AndroidManifest.xml:12:22-68
uses-permission#android.permission.WRITE_EXTERNAL_STORAGE
ADDED from src\main\AndroidManifest.xml:13:5-81
	android:name
		ADDED from src\main\AndroidManifest.xml:13:22-78
uses-permission#android.permission.WAKE_LOCK
ADDED from src\main\AndroidManifest.xml:14:5-67
	android:name
		ADDED from src\main\AndroidManifest.xml:14:22-65
uses-permission#android.permission.SYSTEM_ALERT_WINDOW
ADDED from src\main\AndroidManifest.xml:15:5-77
	android:name
		ADDED from src\main\AndroidManifest.xml:15:22-75
uses-permission#android.permission.ACCESS_FINE_LOCATION
ADDED from src\main\AndroidManifest.xml:16:5-78
	android:name
		ADDED from src\main\AndroidManifest.xml:16:22-76
uses-permission#android.permission.ACCESS_COARSE_LOCATION
ADDED from src\main\AndroidManifest.xml:17:5-80
	android:name
		ADDED from src\main\AndroidManifest.xml:17:22-78
uses-permission#android.permission.INTERNET
ADDED from src\main\AndroidManifest.xml:18:5-66
	android:name
		ADDED from src\main\AndroidManifest.xml:18:22-64
uses-permission#android.permission.SEND_SMS
ADDED from src\main\AndroidManifest.xml:19:5-67
	android:name
		ADDED from src\main\AndroidManifest.xml:19:22-64
uses-permission#android.permission.READ_PHONE_STATE
ADDED from src\main\AndroidManifest.xml:20:5-74
	android:name
		ADDED from src\main\AndroidManifest.xml:20:22-72
application
ADDED from src\main\AndroidManifest.xml:22:5-143:19
	android:label
		ADDED from src\main\AndroidManifest.xml:25:9-41
	android:icon
		ADDED from src\main\AndroidManifest.xml:24:9-39
	android:allowBackup
		ADDED from src\main\AndroidManifest.xml:23:9-35
	android:theme
		ADDED from src\main\AndroidManifest.xml:26:9-62
receiver#kr.androidteam.alarm.AlarmReceiver
ADDED from src\main\AndroidManifest.xml:28:10-38:20
	android:process
		ADDED from src\main\AndroidManifest.xml:30:14-39
	android:enabled
		ADDED from src\main\AndroidManifest.xml:31:16-38
	android:exported
		ADDED from src\main\AndroidManifest.xml:32:13-36
	android:name
		ADDED from src\main\AndroidManifest.xml:29:14-63
intent-filter#action:name:android.intent.action.BOOT_COMPLETED+action:name:kr.androidteam.alarm.AlarmReceiver
ADDED from src\main\AndroidManifest.xml:33:13-37:28
	android:priority
		ADDED from src\main\AndroidManifest.xml:34:17-40
action#kr.androidteam.alarm.AlarmReceiver
ADDED from src\main\AndroidManifest.xml:35:18-78
	android:name
		ADDED from src\main\AndroidManifest.xml:35:26-75
action#android.intent.action.BOOT_COMPLETED
ADDED from src\main\AndroidManifest.xml:36:17-79
	android:name
		ADDED from src\main\AndroidManifest.xml:36:25-76
receiver#kr.androidteam.alarm.wakeUp
ADDED from src\main\AndroidManifest.xml:40:11-50:20
	android:process
		ADDED from src\main\AndroidManifest.xml:42:14-39
	android:enabled
		ADDED from src\main\AndroidManifest.xml:43:16-38
	android:exported
		ADDED from src\main\AndroidManifest.xml:44:13-36
	android:name
		ADDED from src\main\AndroidManifest.xml:41:14-56
intent-filter#action:name:kr.androidteam.alarm.wakeUp
ADDED from src\main\AndroidManifest.xml:45:13-49:28
	android:priority
		ADDED from src\main\AndroidManifest.xml:46:17-39
action#kr.androidteam.alarm.wakeUp
ADDED from src\main\AndroidManifest.xml:47:18-71
	android:name
		ADDED from src\main\AndroidManifest.xml:47:26-68
activity#kr.androidteam.alarm.AlarmSplash
ADDED from src\main\AndroidManifest.xml:52:13-61:20
	android:label
		ADDED from src\main\AndroidManifest.xml:54:13-35
	android:name
		ADDED from src\main\AndroidManifest.xml:53:13-60
intent-filter#action:name:android.intent.action.MAIN+category:name:android.intent.category.LAUNCHER
ADDED from src\main\AndroidManifest.xml:56:13-60:29
action#android.intent.action.MAIN
ADDED from src\main\AndroidManifest.xml:57:17-69
	android:name
		ADDED from src\main\AndroidManifest.xml:57:25-66
category#android.intent.category.LAUNCHER
ADDED from src\main\AndroidManifest.xml:59:17-77
	android:name
		ADDED from src\main\AndroidManifest.xml:59:27-74
activity#kr.androidteam.alarm.MainActivity
ADDED from src\main\AndroidManifest.xml:64:9-73:20
	android:label
		ADDED from src\main\AndroidManifest.xml:66:13-35
	android:name
		ADDED from src\main\AndroidManifest.xml:65:13-61
intent-filter#action:name:kr.androidteam.alarm.MainActivity+category:name:android.intent.category.DEFAULT
ADDED from src\main\AndroidManifest.xml:68:13-72:29
action#kr.androidteam.alarm.MainActivity
ADDED from src\main\AndroidManifest.xml:69:17-76
	android:name
		ADDED from src\main\AndroidManifest.xml:69:25-73
category#android.intent.category.DEFAULT
ADDED from src\main\AndroidManifest.xml:71:17-76
	android:name
		ADDED from src\main\AndroidManifest.xml:71:27-73
activity#kr.androidteam.alarm.AlarmContents
ADDED from src\main\AndroidManifest.xml:75:11-83:20
	android:label
		ADDED from src\main\AndroidManifest.xml:76:13-42
	android:name
		ADDED from src\main\AndroidManifest.xml:75:21-70
intent-filter#action:name:kr.androidteam.alarm.AlarmContents+category:name:android.intent.category.DEFAULT
ADDED from src\main\AndroidManifest.xml:78:13-81:29
action#kr.androidteam.alarm.AlarmContents
ADDED from src\main\AndroidManifest.xml:79:17-77
	android:name
		ADDED from src\main\AndroidManifest.xml:79:25-74
activity#kr.androidteam.alarm.AlarmInfoChange
ADDED from src\main\AndroidManifest.xml:85:12-91:12
	android:label
		ADDED from src\main\AndroidManifest.xml:86:13-44
	android:name
		ADDED from src\main\AndroidManifest.xml:85:22-73
intent-filter#action:name:kr.androidteam.alarm.AlarmInfoChange+category:name:android.intent.category.DEFAULT
ADDED from src\main\AndroidManifest.xml:87:13-90:29
action#kr.androidteam.alarm.AlarmInfoChange
ADDED from src\main\AndroidManifest.xml:88:17-79
	android:name
		ADDED from src\main\AndroidManifest.xml:88:25-76
activity#kr.androidteam.alarm.selectedMaze
ADDED from src\main\AndroidManifest.xml:93:12-101:20
	android:label
		ADDED from src\main\AndroidManifest.xml:94:13-41
	android:name
		ADDED from src\main\AndroidManifest.xml:93:22-70
intent-filter#action:name:kr.androidteam.alarm.selectedMaze+category:name:android.intent.category.DEFAULT
ADDED from src\main\AndroidManifest.xml:96:13-99:29
action#kr.androidteam.alarm.selectedMaze
ADDED from src\main\AndroidManifest.xml:97:17-76
	android:name
		ADDED from src\main\AndroidManifest.xml:97:25-73
activity#kr.androidteam.alarm.selectedDecibel
ADDED from src\main\AndroidManifest.xml:103:12-111:20
	android:label
		ADDED from src\main\AndroidManifest.xml:104:13-44
	android:name
		ADDED from src\main\AndroidManifest.xml:103:22-73
intent-filter#action:name:kr.androidteam.alarm.selectedDecibel+category:name:android.intent.category.DEFAULT
ADDED from src\main\AndroidManifest.xml:106:13-109:29
action#kr.androidteam.alarm.selectedDecibel
ADDED from src\main\AndroidManifest.xml:107:17-79
	android:name
		ADDED from src\main\AndroidManifest.xml:107:25-76
activity#kr.androidteam.alarm.selectedWord
ADDED from src\main\AndroidManifest.xml:113:15-121:20
	android:label
		ADDED from src\main\AndroidManifest.xml:114:13-41
	android:name
		ADDED from src\main\AndroidManifest.xml:113:25-73
intent-filter#action:name:kr.androidteam.alarm.selectedWord+category:name:android.intent.category.DEFAULT
ADDED from src\main\AndroidManifest.xml:116:13-119:29
action#kr.androidteam.alarm.selectedWord
ADDED from src\main\AndroidManifest.xml:117:17-76
	android:name
		ADDED from src\main\AndroidManifest.xml:117:25-73
activity#kr.androidteam.alarm.selectedcatch
ADDED from src\main\AndroidManifest.xml:122:12-130:20
	android:label
		ADDED from src\main\AndroidManifest.xml:123:13-42
	android:name
		ADDED from src\main\AndroidManifest.xml:122:22-71
intent-filter#action:name:kr.androidteam.alarm.selectedcatch+category:name:android.intent.category.DEFAULT
ADDED from src\main\AndroidManifest.xml:125:13-128:29
action#kr.androidteam.alarm.selectedcatch
ADDED from src\main\AndroidManifest.xml:126:17-77
	android:name
		ADDED from src\main\AndroidManifest.xml:126:25-74
activity#kr.androidteam.alarm.AlarmWeather
ADDED from src\main\AndroidManifest.xml:132:18-140:20
	android:label
		ADDED from src\main\AndroidManifest.xml:133:13-41
	android:name
		ADDED from src\main\AndroidManifest.xml:132:28-76
intent-filter#action:name:kr.androidteam.alarm.AlarmWeather+category:name:android.intent.category.DEFAULT
ADDED from src\main\AndroidManifest.xml:135:13-138:29
action#kr.androidteam.alarm.AlarmWeather
ADDED from src\main\AndroidManifest.xml:136:17-76
	android:name
		ADDED from src\main\AndroidManifest.xml:136:25-73